C:\USERS\DELL\DESKTOP\DEMO\BADUSB\BADUSB\DEBUG\BADUSB.PCH
C:\USERS\DELL\DESKTOP\DEMO\BADUSB\BADUSB\DEBUG\STDAFX.OBJ
C:\USERS\DELL\DESKTOP\DEMO\BADUSB\BADUSB\DEBUG\VC110.PDB
C:\USERS\DELL\DESKTOP\DEMO\BADUSB\BADUSB\DEBUG\BADUSB.OBJ
C:\USERS\DELL\DESKTOP\DEMO\BADUSB\DEBUG\BADUSB.ILK
C:\USERS\DELL\DESKTOP\DEMO\BADUSB\DEBUG\BADUSB.EXE
C:\USERS\DELL\DESKTOP\DEMO\BADUSB\DEBUG\BADUSB.PDB
C:\Users\DELL\Desktop\demo\badusb\badusb\Debug\stdafx.obj
C:\Users\DELL\Desktop\demo\badusb\badusb\Debug\cl.command.1.tlog
C:\Users\DELL\Desktop\demo\badusb\badusb\Debug\CL.read.1.tlog
C:\Users\DELL\Desktop\demo\badusb\badusb\Debug\CL.write.1.tlog
C:\Users\DELL\Desktop\demo\badusb\badusb\Debug\link-cvtres.read.1.tlog
C:\Users\DELL\Desktop\demo\badusb\badusb\Debug\link-cvtres.write.1.tlog
C:\Users\DELL\Desktop\demo\badusb\badusb\Debug\link-rc.read.1.tlog
C:\Users\DELL\Desktop\demo\badusb\badusb\Debug\link-rc.write.1.tlog
C:\Users\DELL\Desktop\demo\badusb\badusb\Debug\link.command.1.tlog
C:\Users\DELL\Desktop\demo\badusb\badusb\Debug\link.read.1.tlog
C:\Users\DELL\Desktop\demo\badusb\badusb\Debug\link.write.1.tlog
C:\Users\DELL\Desktop\demo\badusb\badusb\Debug\badusb.pch
C:\Users\DELL\Desktop\demo\badusb\badusb\Debug\vc110.idb
C:\Users\DELL\Desktop\demo\badusb\badusb\Debug\vc110.pdb
C:\Users\DELL\Desktop\demo\badusb\Debug\badusb.pdb
C:\Users\DELL\Desktop\demo\badusb\Debug\badusb.exe
C:\Users\DELL\Desktop\demo\badusb\Debug\badusb.ilk
